[INFO] Scanning for projects...
[INFO] 
[INFO] ------------------< com.onlinebanking:eureka-server >-------------------
[INFO] Building eureka-server 0.0.1-SNAPSHOT
[INFO]   from pom.xml
[INFO] --------------------------------[ jar ]---------------------------------
[INFO] 
[INFO] >>> spring-boot:2.7.18:run (default-cli) > test-compile @ eureka-server >>>
[INFO] 
[INFO] --- resources:3.2.0:resources (default-resources) @ eureka-server ---
[INFO] Using 'UTF-8' encoding to copy filtered resources.
[INFO] Using 'UTF-8' encoding to copy filtered properties files.
[INFO] Copying 1 resource
[INFO] Copying 0 resource
[INFO] 
[INFO] --- compiler:3.10.1:compile (default-compile) @ eureka-server ---
[INFO] Nothing to compile - all classes are up to date
[INFO] 
[INFO] --- resources:3.2.0:testResources (default-testResources) @ eureka-server ---
[INFO] Using 'UTF-8' encoding to copy filtered resources.
[INFO] Using 'UTF-8' encoding to copy filtered properties files.
[INFO] skip non existing resourceDirectory /Users/spydiecy/Documents/College/APC/Project/Online-Banking-Portal/eureka-server/src/test/resources
[INFO] 
[INFO] --- compiler:3.10.1:testCompile (default-testCompile) @ eureka-server ---
[INFO] No sources to compile
[INFO] 
[INFO] <<< spring-boot:2.7.18:run (default-cli) < test-compile @ eureka-server <<<
[INFO] 
[INFO] 
[INFO] --- spring-boot:2.7.18:run (default-cli) @ eureka-server ---
[INFO] Attaching agents: []

  .   ____          _            __ _ _
 /\\ / ___'_ __ _ _(_)_ __  __ _ \ \ \ \
( ( )\___ | '_ | '_| | '_ \/ _` | \ \ \ \
 \\/  ___)| |_)| | | | | || (_| |  ) ) ) )
  '  |____| .__|_| |_|_| |_\__, | / / / /
 =========|_|==============|___/=/_/_/_/
 :: Spring Boot ::               (v2.7.18)

2025-09-16 10:24:42.806  INFO 92283 --- [           main] c.o.e.EurekaServerApplication            : Starting EurekaServerApplication using Java 21.0.8 on Tanishqs-MacBook-Air.local with PID 92283 (/Users/spydiecy/Documents/College/APC/Project/Online-Banking-Portal/eureka-server/target/classes started by spydiecy in /Users/spydiecy/Documents/College/APC/Project/Online-Banking-Portal/eureka-server)
2025-09-16 10:24:42.807  INFO 92283 --- [           main] c.o.e.EurekaServerApplication            : No active profile set, falling back to 1 default profile: "default"
2025-09-16 10:24:43.048  INFO 92283 --- [           main] o.s.cloud.context.scope.GenericScope     : BeanFactory id=3e248556-b6ed-3feb-89f3-8ae2ef168458
2025-09-16 10:24:43.126  INFO 92283 --- [           main] o.s.b.w.embedded.tomcat.TomcatWebServer  : Tomcat initialized with port(s): 8761 (http)
2025-09-16 10:24:43.128  INFO 92283 --- [           main] o.apache.catalina.core.StandardService   : Starting service [Tomcat]
2025-09-16 10:24:43.128  INFO 92283 --- [           main] org.apache.catalina.core.StandardEngine  : Starting Servlet engine: [Apache Tomcat/9.0.83]
2025-09-16 10:24:43.161  INFO 92283 --- [           main] o.a.c.c.C.[Tomcat].[localhost].[/]       : Initializing Spring embedded WebApplicationContext
2025-09-16 10:24:43.161  INFO 92283 --- [           main] w.s.c.ServletWebServerApplicationContext : Root WebApplicationContext: initialization completed in 341 ms
2025-09-16 10:24:43.270  INFO 92283 --- [           main] c.s.j.s.i.a.WebApplicationImpl           : Initiating Jersey application, version 'Jersey: 1.19.4 05/24/2017 03:20 PM'
2025-09-16 10:24:43.284  INFO 92283 --- [           main] c.n.d.provider.DiscoveryJerseyProvider   : Using JSON encoding codec LegacyJacksonJson
2025-09-16 10:24:43.285  INFO 92283 --- [           main] c.n.d.provider.DiscoveryJerseyProvider   : Using JSON decoding codec LegacyJacksonJson
2025-09-16 10:24:43.338  INFO 92283 --- [           main] c.n.d.provider.DiscoveryJerseyProvider   : Using XML encoding codec XStreamXml
2025-09-16 10:24:43.338  INFO 92283 --- [           main] c.n.d.provider.DiscoveryJerseyProvider   : Using XML decoding codec XStreamXml
2025-09-16 10:24:43.563  INFO 92283 --- [           main] DiscoveryClientOptionalArgsConfiguration : Eureka HTTP Client uses Jersey
2025-09-16 10:24:43.584  WARN 92283 --- [           main] iguration$LoadBalancerCaffeineWarnLogger : Spring Cloud LoadBalancer is currently working with the default cache. While this cache implementation is useful for development and tests, it's recommended to use Caffeine cache in production.You can switch to using Caffeine cache, by adding it and org.springframework.cache.caffeine.CaffeineCacheManager to the classpath.
2025-09-16 10:24:43.588  INFO 92283 --- [           main] o.s.c.n.eureka.InstanceInfoFactory       : Setting initial instance status as: STARTING
2025-09-16 10:24:43.595  INFO 92283 --- [           main] com.netflix.discovery.DiscoveryClient    : Initializing Eureka in region us-east-1
2025-09-16 10:24:43.595  INFO 92283 --- [           main] com.netflix.discovery.DiscoveryClient    : Client configured to neither register nor query for data.
2025-09-16 10:24:43.597  INFO 92283 --- [           main] com.netflix.discovery.DiscoveryClient    : Discovery Client initialized at timestamp 1757998483597 with initial instances count: 0
2025-09-16 10:24:43.605  INFO 92283 --- [           main] c.n.eureka.DefaultEurekaServerContext    : Initializing ...
2025-09-16 10:24:43.605  INFO 92283 --- [           main] c.n.eureka.cluster.PeerEurekaNodes       : Adding new peer nodes [http://localhost:8761/eureka/]
2025-09-16 10:24:43.663  INFO 92283 --- [           main] c.n.d.provider.DiscoveryJerseyProvider   : Using JSON encoding codec LegacyJacksonJson
2025-09-16 10:24:43.663  INFO 92283 --- [           main] c.n.d.provider.DiscoveryJerseyProvider   : Using JSON decoding codec LegacyJacksonJson
2025-09-16 10:24:43.663  INFO 92283 --- [           main] c.n.d.provider.DiscoveryJerseyProvider   : Using XML encoding codec XStreamXml
2025-09-16 10:24:43.663  INFO 92283 --- [           main] c.n.d.provider.DiscoveryJerseyProvider   : Using XML decoding codec XStreamXml
2025-09-16 10:24:43.685  INFO 92283 --- [           main] c.n.eureka.cluster.PeerEurekaNodes       : Replica node URL:  http://localhost:8761/eureka/
2025-09-16 10:24:43.687  INFO 92283 --- [           main] c.n.e.registry.AbstractInstanceRegistry  : Finished initializing remote region registries. All known remote regions: []
2025-09-16 10:24:43.687  INFO 92283 --- [           main] c.n.eureka.DefaultEurekaServerContext    : Initialized
2025-09-16 10:24:43.690  INFO 92283 --- [           main] o.s.b.a.e.web.EndpointLinksResolver      : Exposing 1 endpoint(s) beneath base path '/actuator'
2025-09-16 10:24:43.699  INFO 92283 --- [           main] o.s.c.n.e.s.EurekaServiceRegistry        : Registering application EUREKA-SERVER with eureka with status UP
2025-09-16 10:24:43.702  INFO 92283 --- [       Thread-9] o.s.c.n.e.server.EurekaServerBootstrap   : isAws returned false
2025-09-16 10:24:43.702  INFO 92283 --- [       Thread-9] o.s.c.n.e.server.EurekaServerBootstrap   : Initialized server context
2025-09-16 10:24:43.702  INFO 92283 --- [       Thread-9] c.n.e.r.PeerAwareInstanceRegistryImpl    : Got 1 instances from neighboring DS node
2025-09-16 10:24:43.702  INFO 92283 --- [       Thread-9] c.n.e.r.PeerAwareInstanceRegistryImpl    : Renew threshold is: 1
2025-09-16 10:24:43.702  INFO 92283 --- [       Thread-9] c.n.e.r.PeerAwareInstanceRegistryImpl    : Changing status to UP
2025-09-16 10:24:43.705  INFO 92283 --- [       Thread-9] e.s.EurekaServerInitializerConfiguration : Started Eureka Server
2025-09-16 10:24:43.706  INFO 92283 --- [           main] o.s.b.w.embedded.tomcat.TomcatWebServer  : Tomcat started on port(s): 8761 (http) with context path ''
2025-09-16 10:24:43.707  INFO 92283 --- [           main] .s.c.n.e.s.EurekaAutoServiceRegistration : Updating port to 8761
2025-09-16 10:24:43.713  INFO 92283 --- [           main] c.o.e.EurekaServerApplication            : Started EurekaServerApplication in 1.113 seconds (JVM running for 1.214)
2025-09-16 10:25:43.708  INFO 92283 --- [a-EvictionTimer] c.n.e.registry.AbstractInstanceRegistry  : Running the evict task with compensationTime 0ms
2025-09-16 10:26:43.712  INFO 92283 --- [a-EvictionTimer] c.n.e.registry.AbstractInstanceRegistry  : Running the evict task with compensationTime 4ms
2025-09-16 10:27:43.717  INFO 92283 --- [a-EvictionTimer] c.n.e.registry.AbstractInstanceRegistry  : Running the evict task with compensationTime 5ms
2025-09-16 10:28:43.719  INFO 92283 --- [a-EvictionTimer] c.n.e.registry.AbstractInstanceRegistry  : Running the evict task with compensationTime 1ms
2025-09-16 10:29:43.722  INFO 92283 --- [a-EvictionTimer] c.n.e.registry.AbstractInstanceRegistry  : Running the evict task with compensationTime 3ms
2025-09-16 10:30:43.727  INFO 92283 --- [a-EvictionTimer] c.n.e.registry.AbstractInstanceRegistry  : Running the evict task with compensationTime 5ms
2025-09-16 10:31:43.732  INFO 92283 --- [a-EvictionTimer] c.n.e.registry.AbstractInstanceRegistry  : Running the evict task with compensationTime 4ms
2025-09-16 10:32:43.733  INFO 92283 --- [a-EvictionTimer] c.n.e.registry.AbstractInstanceRegistry  : Running the evict task with compensationTime 1ms
2025-09-16 10:33:14.754  INFO 92283 --- [ionShutdownHook] o.s.c.n.e.s.EurekaServiceRegistry        : Unregistering application EUREKA-SERVER with eureka with status DOWN
2025-09-16 10:33:14.761  INFO 92283 --- [ionShutdownHook] o.s.c.n.e.server.EurekaServerBootstrap   : Shutting down Eureka Server..
2025-09-16 10:33:14.763  INFO 92283 --- [ionShutdownHook] c.n.eureka.DefaultEurekaServerContext    : Shutting down ...
2025-09-16 10:33:14.767  INFO 92283 --- [ionShutdownHook] c.n.eureka.DefaultEurekaServerContext    : Shut down
2025-09-16 10:33:14.767  INFO 92283 --- [ionShutdownHook] o.s.c.n.e.server.EurekaServerBootstrap   : Eureka Service is now shutdown...
2025-09-16 10:33:14.767  INFO 92283 --- [ionShutdownHook] c.n.eureka.DefaultEurekaServerContext    : Shutting down ...
2025-09-16 10:33:14.769  INFO 92283 --- [ionShutdownHook] c.n.eureka.DefaultEurekaServerContext    : Shut down
2025-09-16 10:33:14.772  INFO 92283 --- [ionShutdownHook] com.netflix.discovery.DiscoveryClient    : Shutting down DiscoveryClient ...
2025-09-16 10:33:14.773  INFO 92283 --- [ionShutdownHook] com.netflix.discovery.DiscoveryClient    : Completed shut down of DiscoveryClient
