[INFO] Scanning for projects...
[INFO] 
[INFO] ------------------< com.onlinebanking:eureka-server >-------------------
[INFO] Building eureka-server 0.0.1-SNAPSHOT
[INFO]   from pom.xml
[INFO] --------------------------------[ jar ]---------------------------------
[INFO] 
[INFO] >>> spring-boot:2.7.18:run (default-cli) > test-compile @ eureka-server >>>
[INFO] 
[INFO] --- resources:3.2.0:resources (default-resources) @ eureka-server ---
[INFO] Using 'UTF-8' encoding to copy filtered resources.
[INFO] Using 'UTF-8' encoding to copy filtered properties files.
[INFO] Copying 1 resource
[INFO] Copying 0 resource
[INFO] 
[INFO] --- compiler:3.10.1:compile (default-compile) @ eureka-server ---
[INFO] Nothing to compile - all classes are up to date
[INFO] 
[INFO] --- resources:3.2.0:testResources (default-testResources) @ eureka-server ---
[INFO] Using 'UTF-8' encoding to copy filtered resources.
[INFO] Using 'UTF-8' encoding to copy filtered properties files.
[INFO] skip non existing resourceDirectory /Users/spydiecy/Documents/College/APC/Project/Online-Banking-Portal/eureka-server/src/test/resources
[INFO] 
[INFO] --- compiler:3.10.1:testCompile (default-testCompile) @ eureka-server ---
[INFO] No sources to compile
[INFO] 
[INFO] <<< spring-boot:2.7.18:run (default-cli) < test-compile @ eureka-server <<<
[INFO] 
[INFO] 
[INFO] --- spring-boot:2.7.18:run (default-cli) @ eureka-server ---
[INFO] Attaching agents: []

  .   ____          _            __ _ _
 /\\ / ___'_ __ _ _(_)_ __  __ _ \ \ \ \
( ( )\___ | '_ | '_| | '_ \/ _` | \ \ \ \
 \\/  ___)| |_)| | | | | || (_| |  ) ) ) )
  '  |____| .__|_| |_|_| |_\__, | / / / /
 =========|_|==============|___/=/_/_/_/
 :: Spring Boot ::               (v2.7.18)

2025-09-16 10:41:51.233  INFO 99989 --- [           main] c.o.e.EurekaServerApplication            : Starting EurekaServerApplication using Java 21.0.8 on Tanishqs-MacBook-Air.local with PID 99989 (/Users/spydiecy/Documents/College/APC/Project/Online-Banking-Portal/eureka-server/target/classes started by spydiecy in /Users/spydiecy/Documents/College/APC/Project/Online-Banking-Portal/eureka-server)
2025-09-16 10:41:51.234  INFO 99989 --- [           main] c.o.e.EurekaServerApplication            : No active profile set, falling back to 1 default profile: "default"
2025-09-16 10:41:51.489  INFO 99989 --- [           main] o.s.cloud.context.scope.GenericScope     : BeanFactory id=3e248556-b6ed-3feb-89f3-8ae2ef168458
2025-09-16 10:41:51.567  INFO 99989 --- [           main] o.s.b.w.embedded.tomcat.TomcatWebServer  : Tomcat initialized with port(s): 8761 (http)
2025-09-16 10:41:51.569  INFO 99989 --- [           main] o.apache.catalina.core.StandardService   : Starting service [Tomcat]
2025-09-16 10:41:51.569  INFO 99989 --- [           main] org.apache.catalina.core.StandardEngine  : Starting Servlet engine: [Apache Tomcat/9.0.83]
2025-09-16 10:41:51.606  INFO 99989 --- [           main] o.a.c.c.C.[Tomcat].[localhost].[/]       : Initializing Spring embedded WebApplicationContext
2025-09-16 10:41:51.606  INFO 99989 --- [           main] w.s.c.ServletWebServerApplicationContext : Root WebApplicationContext: initialization completed in 357 ms
2025-09-16 10:41:51.715  INFO 99989 --- [           main] c.s.j.s.i.a.WebApplicationImpl           : Initiating Jersey application, version 'Jersey: 1.19.4 05/24/2017 03:20 PM'
2025-09-16 10:41:51.729  INFO 99989 --- [           main] c.n.d.provider.DiscoveryJerseyProvider   : Using JSON encoding codec LegacyJacksonJson
2025-09-16 10:41:51.729  INFO 99989 --- [           main] c.n.d.provider.DiscoveryJerseyProvider   : Using JSON decoding codec LegacyJacksonJson
2025-09-16 10:41:51.784  INFO 99989 --- [           main] c.n.d.provider.DiscoveryJerseyProvider   : Using XML encoding codec XStreamXml
2025-09-16 10:41:51.784  INFO 99989 --- [           main] c.n.d.provider.DiscoveryJerseyProvider   : Using XML decoding codec XStreamXml
2025-09-16 10:41:52.011  INFO 99989 --- [           main] DiscoveryClientOptionalArgsConfiguration : Eureka HTTP Client uses Jersey
2025-09-16 10:41:52.026  WARN 99989 --- [           main] iguration$LoadBalancerCaffeineWarnLogger : Spring Cloud LoadBalancer is currently working with the default cache. While this cache implementation is useful for development and tests, it's recommended to use Caffeine cache in production.You can switch to using Caffeine cache, by adding it and org.springframework.cache.caffeine.CaffeineCacheManager to the classpath.
2025-09-16 10:41:52.030  INFO 99989 --- [           main] o.s.c.n.eureka.InstanceInfoFactory       : Setting initial instance status as: STARTING
2025-09-16 10:41:52.037  INFO 99989 --- [           main] com.netflix.discovery.DiscoveryClient    : Initializing Eureka in region us-east-1
2025-09-16 10:41:52.037  INFO 99989 --- [           main] com.netflix.discovery.DiscoveryClient    : Client configured to neither register nor query for data.
2025-09-16 10:41:52.040  INFO 99989 --- [           main] com.netflix.discovery.DiscoveryClient    : Discovery Client initialized at timestamp 1757999512039 with initial instances count: 0
2025-09-16 10:41:52.048  INFO 99989 --- [           main] c.n.eureka.DefaultEurekaServerContext    : Initializing ...
2025-09-16 10:41:52.048  INFO 99989 --- [           main] c.n.eureka.cluster.PeerEurekaNodes       : Adding new peer nodes [http://localhost:8761/eureka/]
2025-09-16 10:41:52.107  INFO 99989 --- [           main] c.n.d.provider.DiscoveryJerseyProvider   : Using JSON encoding codec LegacyJacksonJson
2025-09-16 10:41:52.107  INFO 99989 --- [           main] c.n.d.provider.DiscoveryJerseyProvider   : Using JSON decoding codec LegacyJacksonJson
2025-09-16 10:41:52.107  INFO 99989 --- [           main] c.n.d.provider.DiscoveryJerseyProvider   : Using XML encoding codec XStreamXml
2025-09-16 10:41:52.107  INFO 99989 --- [           main] c.n.d.provider.DiscoveryJerseyProvider   : Using XML decoding codec XStreamXml
2025-09-16 10:41:52.131  INFO 99989 --- [           main] c.n.eureka.cluster.PeerEurekaNodes       : Replica node URL:  http://localhost:8761/eureka/
2025-09-16 10:41:52.133  INFO 99989 --- [           main] c.n.e.registry.AbstractInstanceRegistry  : Finished initializing remote region registries. All known remote regions: []
2025-09-16 10:41:52.133  INFO 99989 --- [           main] c.n.eureka.DefaultEurekaServerContext    : Initialized
2025-09-16 10:41:52.137  INFO 99989 --- [           main] o.s.b.a.e.web.EndpointLinksResolver      : Exposing 1 endpoint(s) beneath base path '/actuator'
2025-09-16 10:41:52.144  INFO 99989 --- [           main] o.s.c.n.e.s.EurekaServiceRegistry        : Registering application EUREKA-SERVER with eureka with status UP
2025-09-16 10:41:52.148  INFO 99989 --- [       Thread-9] o.s.c.n.e.server.EurekaServerBootstrap   : isAws returned false
2025-09-16 10:41:52.148  INFO 99989 --- [       Thread-9] o.s.c.n.e.server.EurekaServerBootstrap   : Initialized server context
2025-09-16 10:41:52.148  INFO 99989 --- [       Thread-9] c.n.e.r.PeerAwareInstanceRegistryImpl    : Got 1 instances from neighboring DS node
2025-09-16 10:41:52.148  INFO 99989 --- [       Thread-9] c.n.e.r.PeerAwareInstanceRegistryImpl    : Renew threshold is: 1
2025-09-16 10:41:52.148  INFO 99989 --- [       Thread-9] c.n.e.r.PeerAwareInstanceRegistryImpl    : Changing status to UP
2025-09-16 10:41:52.150  INFO 99989 --- [       Thread-9] e.s.EurekaServerInitializerConfiguration : Started Eureka Server
2025-09-16 10:41:52.153  INFO 99989 --- [           main] o.s.b.w.embedded.tomcat.TomcatWebServer  : Tomcat started on port(s): 8761 (http) with context path ''
2025-09-16 10:41:52.153  INFO 99989 --- [           main] .s.c.n.e.s.EurekaAutoServiceRegistration : Updating port to 8761
2025-09-16 10:41:52.160  INFO 99989 --- [           main] c.o.e.EurekaServerApplication            : Started EurekaServerApplication in 1.037 seconds (JVM running for 1.138)
2025-09-16 10:42:11.477  INFO 99989 --- [nio-8761-exec-1] o.a.c.c.C.[Tomcat].[localhost].[/]       : Initializing Spring DispatcherServlet 'dispatcherServlet'
2025-09-16 10:42:11.477  INFO 99989 --- [nio-8761-exec-1] o.s.web.servlet.DispatcherServlet        : Initializing Servlet 'dispatcherServlet'
2025-09-16 10:42:11.478  INFO 99989 --- [nio-8761-exec-1] o.s.web.servlet.DispatcherServlet        : Completed initialization in 1 ms
2025-09-16 10:42:11.539  INFO 99989 --- [nio-8761-exec-2] c.n.e.registry.AbstractInstanceRegistry  : Registered instance API-GATEWAY/192.168.97.141:api-gateway:8080 with status UP (replication=false)
2025-09-16 10:42:12.101  INFO 99989 --- [nio-8761-exec-3] c.n.e.registry.AbstractInstanceRegistry  : Registered instance API-GATEWAY/192.168.97.141:api-gateway:8080 with status UP (replication=true)
2025-09-16 10:42:45.484  INFO 99989 --- [nio-8761-exec-8] c.n.e.registry.AbstractInstanceRegistry  : Registered instance UI-SERVICE/192.168.97.141:ui-service:8083 with status UP (replication=false)
2025-09-16 10:42:45.995  INFO 99989 --- [nio-8761-exec-9] c.n.e.registry.AbstractInstanceRegistry  : Registered instance UI-SERVICE/192.168.97.141:ui-service:8083 with status UP (replication=true)
2025-09-16 10:42:52.153  INFO 99989 --- [a-EvictionTimer] c.n.e.registry.AbstractInstanceRegistry  : Running the evict task with compensationTime 0ms
2025-09-16 10:43:52.158  INFO 99989 --- [a-EvictionTimer] c.n.e.registry.AbstractInstanceRegistry  : Running the evict task with compensationTime 4ms
2025-09-16 10:44:52.162  INFO 99989 --- [a-EvictionTimer] c.n.e.registry.AbstractInstanceRegistry  : Running the evict task with compensationTime 5ms
2025-09-16 10:45:52.166  INFO 99989 --- [a-EvictionTimer] c.n.e.registry.AbstractInstanceRegistry  : Running the evict task with compensationTime 4ms
2025-09-16 10:46:52.168  INFO 99989 --- [a-EvictionTimer] c.n.e.registry.AbstractInstanceRegistry  : Running the evict task with compensationTime 1ms
2025-09-16 10:47:52.173  INFO 99989 --- [a-EvictionTimer] c.n.e.registry.AbstractInstanceRegistry  : Running the evict task with compensationTime 4ms
2025-09-16 10:48:19.363  INFO 99989 --- [ionShutdownHook] o.s.c.n.e.s.EurekaServiceRegistry        : Unregistering application EUREKA-SERVER with eureka with status DOWN
2025-09-16 10:48:19.367  INFO 99989 --- [nio-8761-exec-5] c.n.e.registry.AbstractInstanceRegistry  : Registered instance UI-SERVICE/192.168.97.141:ui-service:8083 with status DOWN (replication=false)
2025-09-16 10:48:19.474  INFO 99989 --- [ionShutdownHook] o.s.c.n.e.server.EurekaServerBootstrap   : Shutting down Eureka Server..
2025-09-16 10:48:19.476  INFO 99989 --- [ionShutdownHook] c.n.eureka.DefaultEurekaServerContext    : Shutting down ...
2025-09-16 10:48:19.480  INFO 99989 --- [ionShutdownHook] c.n.eureka.DefaultEurekaServerContext    : Shut down
2025-09-16 10:48:19.481  INFO 99989 --- [ionShutdownHook] o.s.c.n.e.server.EurekaServerBootstrap   : Eureka Service is now shutdown...
2025-09-16 10:48:19.481  INFO 99989 --- [ionShutdownHook] c.n.eureka.DefaultEurekaServerContext    : Shutting down ...
2025-09-16 10:48:19.482  INFO 99989 --- [ionShutdownHook] c.n.eureka.DefaultEurekaServerContext    : Shut down
2025-09-16 10:48:19.486  INFO 99989 --- [ionShutdownHook] com.netflix.discovery.DiscoveryClient    : Shutting down DiscoveryClient ...
2025-09-16 10:48:19.486  INFO 99989 --- [ionShutdownHook] com.netflix.discovery.DiscoveryClient    : Completed shut down of DiscoveryClient
